<?xml version="1.0" encoding="UTF-8"?>
<!-- Generated by org.testng.reporters.JUnitReportReporter -->
<testsuite hostname="Manish" failures="0" tests="1" name="AllMethods.GetRequestForSingleData" time="2.750" errors="0" timestamp="2022-11-04T14:53:12 IST" skipped="0">
  <testcase classname="AllMethods.GetRequestForSingleData" name="GetRequestTest" time="2.750"/>
  <system-out/>
</testsuite> <!-- AllMethods.GetRequestForSingleData -->
