<?xml version="1.0" encoding="UTF-8"?>
<!-- Generated by org.testng.reporters.JUnitReportReporter -->
<testsuite hostname="Manish" failures="0" tests="1" name="AllMethods.Get" time="2.106" errors="0" timestamp="2022-11-01T22:16:20 IST" skipped="0">
  <testcase classname="AllMethods.Get" name="GetRequestTest" time="2.106"/>
  <system-out/>
</testsuite> <!-- AllMethods.Get -->
