<?xml version="1.0" encoding="UTF-8"?>
<!-- Generated by org.testng.reporters.JUnitReportReporter -->
<testsuite hostname="Manish" failures="0" tests="1" name="Authentication.BarearTokenTest" time="3.292" errors="0" timestamp="2022-11-04T12:07:41 IST" skipped="0">
  <testcase classname="Authentication.BarearTokenTest" name="BarearTokenTest" time="3.292"/>
  <system-out/>
</testsuite> <!-- Authentication.BarearTokenTest -->
