<?xml version="1.0" encoding="UTF-8"?>
<!-- Generated by org.testng.reporters.JUnitReportReporter -->
<testsuite hostname="Manish" failures="0" tests="1" name="Authentication.BasicAuthTest" time="4.292" errors="0" timestamp="2022-11-04T09:56:44 IST" skipped="0">
  <testcase classname="Authentication.BasicAuthTest" name="Basicauthtest" time="4.292"/>
  <system-out/>
</testsuite> <!-- Authentication.BasicAuthTest -->
