<?xml version="1.0" encoding="UTF-8"?>
<!-- Generated by org.testng.reporters.JUnitReportReporter -->
<testsuite hostname="Manish" failures="0" tests="1" name="Authentication.BasicAuth2Test" time="2.592" errors="0" timestamp="2022-11-02T15:43:38 IST" skipped="0">
  <testcase classname="Authentication.BasicAuth2Test" name="DigestiveTest" time="2.592"/>
  <system-out/>
</testsuite> <!-- Authentication.BasicAuth2Test -->
