<?xml version="1.0" encoding="UTF-8"?>
<!-- Generated by org.testng.reporters.JUnitReportReporter -->
<testsuite hostname="Manish" failures="0" tests="1" name="AllMethods.PostObj" time="3.086" errors="0" timestamp="2022-11-04T12:58:33 IST" skipped="0">
  <testcase classname="AllMethods.PostObj" name="Postrequest" time="3.086"/>
  <system-out/>
</testsuite> <!-- AllMethods.PostObj -->
