<?xml version="1.0" encoding="UTF-8"?>
<!-- Generated by org.testng.reporters.JUnitReportReporter -->
<testsuite hostname="Manish" failures="0" tests="1" name="AllMethods.put" time="2.692" errors="0" timestamp="2022-11-01T15:04:34 IST" skipped="0">
  <testcase classname="AllMethods.put" name="post" time="2.692"/>
  <system-out/>
</testsuite> <!-- AllMethods.put -->
