<?xml version="1.0" encoding="UTF-8"?>
<!-- Generated by org.testng.reporters.JUnitReportReporter -->
<testsuite hostname="Manish" failures="0" tests="1" name="AllMethods.Post1" time="3.750" errors="0" timestamp="2022-11-04T12:55:16 IST" skipped="0">
  <testcase classname="AllMethods.Post1" name="post" time="3.750"/>
  <system-out/>
</testsuite> <!-- AllMethods.Post1 -->
