<?xml version="1.0" encoding="UTF-8"?>
<!-- Generated by org.testng.reporters.JUnitReportReporter -->
<testsuite hostname="Manish" failures="0" tests="1" name="Authentication.BasicAuth1Test" time="3.573" errors="0" timestamp="2022-11-03T09:52:31 IST" skipped="0">
  <testcase classname="Authentication.BasicAuth1Test" name="DigestiveTest" time="3.573"/>
  <system-out/>
</testsuite> <!-- Authentication.BasicAuth1Test -->
